2018/02/19 00:34:46.940 Info   Starting JoyToKey Ver5.9
2018/02/19 00:34:46.940 Info   ExeFile=D:\Games\Emulators\Tools\JoyToKey_en\JoyToKey.exe
2018/02/19 00:34:46.940 Info   ConfigDir=D:\Games\Emulators\Tools\JoyToKey_en\
2018/02/19 00:34:46.940 Info   IniFile=D:\Games\Emulators\Tools\JoyToKey_en\JoyToKey.ini
2018/02/19 00:34:46.940 Info   Windows Version = 6.2
2018/02/19 00:34:46.942 Info   Loaded VistaAPI.dll (Utils\Utils.cpp#226)
2018/02/19 00:34:46.942 Info   LicenseKey "" is not valid
2018/02/19 00:34:47.014 Info   Loading XInput1_3.dll (Joystick.cpp#128)
2018/02/19 00:34:47.017 Info   Initialized XInput (Joystick.cpp#146)
2018/02/19 00:34:47.028 Info   Detected a XI joystick: XInput-0
2018/02/19 00:34:47.028 Info   Preferred index = -1
2018/02/19 00:34:47.029 Info   DetectJoysticks: Detected 1 XI joystick(s)
2018/02/19 00:34:47.226 Info   Detected a DI joystick: {8987B910-142C-11E8-8007-444553540000}, Bluetooth XINPUT-compatible input device, Bluetooth XINPUT-compatible input device
2018/02/19 00:34:47.226 Info   It is an XInput device, so skipping...
2018/02/19 00:34:47.227 Info   Joystick #1: XInput Device #1
2018/02/19 00:34:47.227 Info   1 joysticks are detected (Joystick.cpp#168)
2018/02/19 00:34:47.227 Info   ConfigDir=D:\Games\Emulators\Tools\JoyToKey_en\*.cfg (ConfigFileManager.cpp#43)
2018/02/19 00:34:47.229 Info   Failed to find AppLink.dat (AppLink\AppLinkManager.cpp#32)
2018/02/19 00:34:47.239 Info   TimerInit: Initializing timer with x1 speed mode (interval = 16 msec)
19/02/2018 02:09:41 Info   Application terminated (Utils\LogFile.cpp#20)
